<?xml version="1.0" encoding="UTF-8"?>
<testsuite xmlns:xsi="http://www.w3.org/2001/XMLSchema-instance" xsi:noNamespaceSchemaLocation="https://maven.apache.org/surefire/maven-surefire-plugin/xsd/surefire-test-report.xsd" name="parking.TicketGeneratorCreatorUnitTest" time="0.007" tests="4" errors="0" skipped="0" failures="0">
  <properties>
[...]
</properties>
  <testcase name="getVIPRegularTicketGenerator" classname="parking.TicketGeneratorCreatorUnitTest" time="0"/>
  <testcase name="getVIPElectricTicketGenerator" classname="parking.TicketGeneratorCreatorUnitTest" time="0.002"/>
  <testcase name="getNonVIPRegularTicketGenerator" classname="parking.TicketGeneratorCreatorUnitTest" time="0"/>
  <testcase name="getNonVIPElectricTicketGenerator" classname="parking.TicketGeneratorCreatorUnitTest" time="0.004"/>
</testsuite>